Flow report for EX10
Fri May 10 09:56:58 2024
Quartus II 64-Bit Version 13.0.1 Build 232 06/12/2013 Service Pack 1 SJ Web Edition


---------------------
; Table of Contents ;
---------------------
  1. Legal Notice
  2. Flow Summary
  3. Flow Settings
  4. Flow Non-Default Global Settings
  5. Flow Elapsed Time
  6. Flow OS Summary
  7. Flow Log
  8. Flow Messages
  9. Flow Suppressed Messages



----------------
; Legal Notice ;
----------------
Copyright (C) 1991-2013 Altera Corporation
Your use of Altera Corporation's design tools, logic functions 
and other software and tools, and its AMPP partner logic 
functions, and any output files from any of the foregoing 
(including device programming or simulation files), and any 
associated documentation or information are expressly subject 
to the terms and conditions of the Altera Program License 
Subscription Agreement, Altera MegaCore Function License 
Agreement, or other applicable license agreement, including, 
without limitation, that your use is for the sole purpose of 
programming logic devices manufactured by Altera and sold by 
Altera or its authorized distributors.  Please refer to the 
applicable agreement for further details.



+---------------------------------------------------------------------------------------+
; Flow Summary                                                                          ;
+-------------------------------------+-------------------------------------------------+
; Flow Status                         ; Successful - Fri May 10 09:56:58 2024           ;
; Quartus II 64-Bit Version           ; 13.0.1 Build 232 06/12/2013 SP 1 SJ Web Edition ;
; Revision Name                       ; EX10                                            ;
; Top-level Entity Name               ; EX10                                            ;
; Family                              ; Cyclone V                                       ;
; Device                              ; 5CGXFC7D6F27C6                                  ;
; Timing Models                       ; Final                                           ;
; Logic utilization (in ALMs)         ; 3 / 56,480 ( < 1 % )                            ;
; Total registers                     ; 4                                               ;
; Total pins                          ; 4 / 378 ( 1 % )                                 ;
; Total virtual pins                  ; 0                                               ;
; Total block memory bits             ; 0 / 7,024,640 ( 0 % )                           ;
; Total DSP Blocks                    ; 0 / 156 ( 0 % )                                 ;
; Total HSSI RX PCSs                  ; 0 / 9 ( 0 % )                                   ;
; Total HSSI PMA RX Deserializers     ; 0 / 9 ( 0 % )                                   ;
; Total HSSI PMA RX ATT Deserializers ; 0                                               ;
; Total HSSI TX PCSs                  ; 0 / 9 ( 0 % )                                   ;
; Total HSSI PMA TX Serializers       ; 0 / 9 ( 0 % )                                   ;
; Total HSSI PMA TX ATT Serializers   ; 0 / 9 ( 0 % )                                   ;
; Total PLLs                          ; 0 / 16 ( 0 % )                                  ;
; Total DLLs                          ; 0 / 4 ( 0 % )                                   ;
+-------------------------------------+-------------------------------------------------+


+-----------------------------------------+
; Flow Settings                           ;
+-------------------+---------------------+
; Option            ; Setting             ;
+-------------------+---------------------+
; Start date & time ; 05/10/2024 09:52:55 ;
; Main task         ; Compilation         ;
; Revision Name     ; EX10                ;
+-------------------+---------------------+


+----------------------------------------------------------------------------------------------------------------------+
; Flow Non-Default Global Settings                                                                                     ;
+-------------------------------------+---------------------------------+---------------+-------------+----------------+
; Assignment Name                     ; Value                           ; Default Value ; Entity Name ; Section Id     ;
+-------------------------------------+---------------------------------+---------------+-------------+----------------+
; COMPILER_SIGNATURE_ID               ; 189463332942994.171531497512420 ; --            ; --          ; --             ;
; EDA_OUTPUT_DATA_FORMAT              ; Verilog Hdl                     ; --            ; --          ; eda_simulation ;
; EDA_SIMULATION_TOOL                 ; ModelSim-Altera (Verilog)       ; <None>        ; --          ; --             ;
; MAX_CORE_JUNCTION_TEMP              ; 85                              ; --            ; --          ; --             ;
; MIN_CORE_JUNCTION_TEMP              ; 0                               ; --            ; --          ; --             ;
; PARTITION_COLOR                     ; 16764057                        ; --            ; --          ; Top            ;
; PARTITION_FITTER_PRESERVATION_LEVEL ; PLACEMENT_AND_ROUTING           ; --            ; --          ; Top            ;
; PARTITION_NETLIST_TYPE              ; SOURCE                          ; --            ; --          ; Top            ;
; PROJECT_OUTPUT_DIRECTORY            ; output_files                    ; --            ; --          ; --             ;
+-------------------------------------+---------------------------------+---------------+-------------+----------------+


+-------------------------------------------------------------------------------------------------------------------------------+
; Flow Elapsed Time                                                                                                             ;
+---------------------------+--------------+-------------------------+---------------------+------------------------------------+
; Module Name               ; Elapsed Time ; Average Processors Used ; Peak Virtual Memory ; Total CPU Time (on all processors) ;
+---------------------------+--------------+-------------------------+---------------------+------------------------------------+
; Analysis & Synthesis      ; 00:00:01     ; 1.0                     ; 4640 MB             ; 00:00:00                           ;
; Fitter                    ; 00:00:35     ; 1.0                     ; 6040 MB             ; 00:00:03                           ;
; Assembler                 ; 00:00:07     ; 1.0                     ; 4778 MB             ; 00:00:00                           ;
; TimeQuest Timing Analyzer ; 00:00:06     ; 1.0                     ; 5185 MB             ; 00:00:03                           ;
; EDA Netlist Writer        ; 00:00:01     ; 1.0                     ; 4589 MB             ; 00:00:00                           ;
; EDA Netlist Writer        ; 00:00:01     ; 1.0                     ; 4586 MB             ; 00:00:00                           ;
; EDA Netlist Writer        ; 00:00:01     ; 1.0                     ; 4586 MB             ; 00:00:00                           ;
; Total                     ; 00:00:52     ; --                      ; --                  ; 00:00:06                           ;
+---------------------------+--------------+-------------------------+---------------------+------------------------------------+


+----------------------------------------------------------------------------------------+
; Flow OS Summary                                                                        ;
+---------------------------+------------------+-----------+------------+----------------+
; Module Name               ; Machine Hostname ; OS Name   ; OS Version ; Processor type ;
+---------------------------+------------------+-----------+------------+----------------+
; Analysis & Synthesis      ; Dhruv-PC         ; Windows 7 ; 6.2        ; x86_64         ;
; Fitter                    ; Dhruv-PC         ; Windows 7 ; 6.2        ; x86_64         ;
; Assembler                 ; Dhruv-PC         ; Windows 7 ; 6.2        ; x86_64         ;
; TimeQuest Timing Analyzer ; Dhruv-PC         ; Windows 7 ; 6.2        ; x86_64         ;
; EDA Netlist Writer        ; Dhruv-PC         ; Windows 7 ; 6.2        ; x86_64         ;
; EDA Netlist Writer        ; Dhruv-PC         ; Windows 7 ; 6.2        ; x86_64         ;
; EDA Netlist Writer        ; Dhruv-PC         ; Windows 7 ; 6.2        ; x86_64         ;
+---------------------------+------------------+-----------+------------+----------------+


------------
; Flow Log ;
------------
quartus_map --read_settings_files=on --write_settings_files=off EX10 -c EX10
quartus_fit --read_settings_files=off --write_settings_files=off EX10 -c EX10
quartus_asm --read_settings_files=off --write_settings_files=off EX10 -c EX10
quartus_sta EX10 -c EX10
quartus_eda --read_settings_files=off --write_settings_files=off EX10 -c EX10
quartus_eda --gen_testbench --check_outputs=on --tool=modelsim_oem --format=verilog EX10 -c EX10 --vector_source=C:/Users/Admin/Desktop/digital/EX10/Waveform.vwf --testbench_file=./simulation/qsim/EX10.vt
quartus_eda --functional=on --simulation=on --tool=modelsim_oem --format=verilog EX10 -c EX10



